<?xml version="1.0" encoding="UTF-8"?>
<!-- Generated by org.testng.reporters.JUnitReportReporter -->
<testsuite hostname="RajatShrotriya" failures="0" tests="4" name="testingbaba_test.Autocomplete_test" time="1.951" errors="1" timestamp="2022-10-03T16:35:01 IST" skipped="3">
  <testcase classname="testingbaba_test.Autocomplete_test" name="getlaunchurl" time="1.951">
    <error message="session not created: This version of ChromeDriver only supports Chrome version 104
Current browser version is 106.0.5249.91 with binary path C:\Users\rshro\AppData\Local\Google\Chrome\Application\chrome.exe
Build info: version: &#039;3.141.59&#039;, revision: &#039;e82be7d358&#039;, time: &#039;2018-11-14T08:25:48&#039;
System info: host: &#039;RAJATSHROTRIYA&#039;, ip: &#039;192.168.1.97&#039;, os.name: &#039;Windows 11&#039;, os.arch: &#039;amd64&#039;, os.version: &#039;10.0&#039;, java.version: &#039;17.0.3&#039;
Driver info: driver.version: ChromeDriver
remote stacktrace: Backtrace:
	Ordinal0 [0x008778B3+2193587]
	Ordinal0 [0x00810681+1771137]
	Ordinal0 [0x007241A8+803240]
	Ordinal0 [0x00745CC3+941251]
	Ordinal0 [0x007413EF+922607]
	Ordinal0 [0x0073EBC1+912321]
	Ordinal0 [0x007723B0+1123248]
	Ordinal0 [0x0077200A+1122314]
	Ordinal0 [0x0076D5C6+1103302]
	Ordinal0 [0x007477E0+948192]
	Ordinal0 [0x007486E6+952038]
	GetHandleVerifier [0x00B20CB2+2738370]
	GetHandleVerifier [0x00B121B8+2678216]
	GetHandleVerifier [0x009017AA+512954]
	GetHandleVerifier [0x00900856+509030]
	Ordinal0 [0x0081743B+1799227]
	Ordinal0 [0x0081BB68+1817448]
	Ordinal0 [0x0081BC55+1817685]
	Ordinal0 [0x00825230+1856048]
	BaseThreadInitThunk [0x76756739+25]
	RtlGetFullPathName_UEx [0x777B8FD2+1218]
	RtlGetFullPathName_UEx [0x777B8F9D+1165]
" type="org.openqa.selenium.SessionNotCreatedException">
      <![CDATA[org.openqa.selenium.SessionNotCreatedException: session not created: This version of ChromeDriver only supports Chrome version 104
Current browser version is 106.0.5249.91 with binary path C:\Users\rshro\AppData\Local\Google\Chrome\Application\chrome.exe
Build info: version: '3.141.59', revision: 'e82be7d358', time: '2018-11-14T08:25:48'
System info: host: 'RAJATSHROTRIYA', ip: '192.168.1.97', os.name: 'Windows 11', os.arch: 'amd64', os.version: '10.0', java.version: '17.0.3'
Driver info: driver.version: ChromeDriver
remote stacktrace: Backtrace:
Ordinal0 [0x008778B3+2193587]
Ordinal0 [0x00810681+1771137]
Ordinal0 [0x007241A8+803240]
Ordinal0 [0x00745CC3+941251]
Ordinal0 [0x007413EF+922607]
Ordinal0 [0x0073EBC1+912321]
Ordinal0 [0x007723B0+1123248]
Ordinal0 [0x0077200A+1122314]
Ordinal0 [0x0076D5C6+1103302]
Ordinal0 [0x007477E0+948192]
Ordinal0 [0x007486E6+952038]
GetHandleVerifier [0x00B20CB2+2738370]
GetHandleVerifier [0x00B121B8+2678216]
GetHandleVerifier [0x009017AA+512954]
GetHandleVerifier [0x00900856+509030]
Ordinal0 [0x0081743B+1799227]
Ordinal0 [0x0081BB68+1817448]
Ordinal0 [0x0081BC55+1817685]
Ordinal0 [0x00825230+1856048]
BaseThreadInitThunk [0x76756739+25]
RtlGetFullPathName_UEx [0x777B8FD2+1218]
RtlGetFullPathName_UEx [0x777B8F9D+1165]

at java.base/jdk.internal.reflect.NativeConstructorAccessorImpl.newInstance0(Native Method)
at java.base/jdk.internal.reflect.NativeConstructorAccessorImpl.newInstance(NativeConstructorAccessorImpl.java:77)
at java.base/jdk.internal.reflect.DelegatingConstructorAccessorImpl.newInstance(DelegatingConstructorAccessorImpl.java:45)
at java.base/java.lang.reflect.Constructor.newInstanceWithCaller(Constructor.java:499)
at java.base/java.lang.reflect.Constructor.newInstance(Constructor.java:480)
at org.openqa.selenium.remote.W3CHandshakeResponse.lambda$errorHandler$0(W3CHandshakeResponse.java:62)
at org.openqa.selenium.remote.HandshakeResponse.lambda$getResponseFunction$0(HandshakeResponse.java:30)
at org.openqa.selenium.remote.ProtocolHandshake.lambda$createSession$0(ProtocolHandshake.java:126)
at java.base/java.util.stream.ReferencePipeline$3$1.accept(ReferencePipeline.java:197)
at java.base/java.util.Spliterators$ArraySpliterator.tryAdvance(Spliterators.java:1002)
at java.base/java.util.stream.ReferencePipeline.forEachWithCancel(ReferencePipeline.java:129)
at java.base/java.util.stream.AbstractPipeline.copyIntoWithCancel(AbstractPipeline.java:527)
at java.base/java.util.stream.AbstractPipeline.copyInto(AbstractPipeline.java:513)
at java.base/java.util.stream.AbstractPipeline.wrapAndCopyInto(AbstractPipeline.java:499)
at java.base/java.util.stream.FindOps$FindOp.evaluateSequential(FindOps.java:150)
at java.base/java.util.stream.AbstractPipeline.evaluate(AbstractPipeline.java:234)
at java.base/java.util.stream.ReferencePipeline.findFirst(ReferencePipeline.java:647)
at org.openqa.selenium.remote.ProtocolHandshake.createSession(ProtocolHandshake.java:128)
at org.openqa.selenium.remote.ProtocolHandshake.createSession(ProtocolHandshake.java:74)
at org.openqa.selenium.remote.HttpCommandExecutor.execute(HttpCommandExecutor.java:136)
at org.openqa.selenium.remote.service.DriverCommandExecutor.execute(DriverCommandExecutor.java:83)
at org.openqa.selenium.remote.RemoteWebDriver.execute(RemoteWebDriver.java:552)
at org.openqa.selenium.remote.RemoteWebDriver.startSession(RemoteWebDriver.java:213)
at org.openqa.selenium.remote.RemoteWebDriver.<init>(RemoteWebDriver.java:131)
at org.openqa.selenium.chrome.ChromeDriver.<init>(ChromeDriver.java:181)
at org.openqa.selenium.chrome.ChromeDriver.<init>(ChromeDriver.java:168)
at org.openqa.selenium.chrome.ChromeDriver.<init>(ChromeDriver.java:123)
at baselibrary.BaseLibrary.getlaunchUrl(BaseLibrary.java:24)
at testingbaba_test.Autocomplete_test.getlaunchurl(Autocomplete_test.java:18)
at java.base/jdk.internal.reflect.NativeMethodAccessorImpl.invoke0(Native Method)
at java.base/jdk.internal.reflect.NativeMethodAccessorImpl.invoke(NativeMethodAccessorImpl.java:77)
at java.base/jdk.internal.reflect.DelegatingMethodAccessorImpl.invoke(DelegatingMethodAccessorImpl.java:43)
at java.base/java.lang.reflect.Method.invoke(Method.java:568)
at org.testng.internal.MethodInvocationHelper.invokeMethod(MethodInvocationHelper.java:133)
at org.testng.internal.MethodInvocationHelper.invokeMethodConsideringTimeout(MethodInvocationHelper.java:62)
at org.testng.internal.ConfigInvoker.invokeConfigurationMethod(ConfigInvoker.java:385)
at org.testng.internal.ConfigInvoker.invokeConfigurations(ConfigInvoker.java:321)
at org.testng.TestRunner.invokeTestConfigurations(TestRunner.java:637)
at org.testng.TestRunner.beforeRun(TestRunner.java:627)
at org.testng.TestRunner.run(TestRunner.java:589)
at org.testng.SuiteRunner.runTest(SuiteRunner.java:377)
at org.testng.SuiteRunner.runSequentially(SuiteRunner.java:371)
at org.testng.SuiteRunner.privateRun(SuiteRunner.java:332)
at org.testng.SuiteRunner.run(SuiteRunner.java:276)
at org.testng.SuiteRunnerWorker.runSuite(SuiteRunnerWorker.java:53)
at org.testng.SuiteRunnerWorker.run(SuiteRunnerWorker.java:96)
at org.testng.TestNG.runSuitesSequentially(TestNG.java:1212)
at org.testng.TestNG.runSuitesLocally(TestNG.java:1134)
at org.testng.TestNG.runSuites(TestNG.java:1063)
at org.testng.TestNG.run(TestNG.java:1031)
at org.testng.remote.AbstractRemoteTestNG.run(AbstractRemoteTestNG.java:115)
at org.testng.remote.RemoteTestNG.initAndRun(RemoteTestNG.java:251)
at org.testng.remote.RemoteTestNG.main(RemoteTestNG.java:77)
]]>
    </error>
  </testcase> <!-- getlaunchurl -->
  <system-out/>
  <testcase classname="testingbaba_test.Autocomplete_test" name="clickonwidgets" time="0.000">
    <skipped/>
  </testcase> <!-- clickonwidgets -->
  <system-out/>
  <testcase classname="testingbaba_test.Autocomplete_test" name="clickonautocomplete" time="0.000">
    <skipped/>
  </testcase> <!-- clickonautocomplete -->
  <system-out/>
  <testcase classname="testingbaba_test.Autocomplete_test" name="filldetails" time="0.000">
    <skipped/>
  </testcase> <!-- filldetails -->
  <system-out/>
</testsuite> <!-- testingbaba_test.Autocomplete_test -->
