<?xml version="1.0" encoding="UTF-8"?>
<!-- Generated by org.testng.reporters.JUnitReportReporter -->
<testsuite hostname="RajatShrotriya" failures="0" tests="4" name="testingbaba_test.Selectdropdown_test" time="1.766" errors="1" timestamp="2023-09-11T12:36:05 IST" skipped="3">
  <testcase classname="testingbaba_test.Selectdropdown_test" name="getlaunchtestingbabulr" time="1.766">
    <error message="session not created: This version of ChromeDriver only supports Chrome version 114
Current browser version is 116.0.5845.180 with binary path C:\Users\rshro\AppData\Local\Google\Chrome\Application\chrome.exe
Build info: version: &#039;3.141.59&#039;, revision: &#039;e82be7d358&#039;, time: &#039;2018-11-14T08:25:48&#039;
System info: host: &#039;RAJATSHROTRIYA&#039;, ip: &#039;192.168.1.62&#039;, os.name: &#039;Windows 11&#039;, os.arch: &#039;amd64&#039;, os.version: &#039;10.0&#039;, java.version: &#039;17.0.3&#039;
Driver info: driver.version: ChromeDriver
remote stacktrace: Backtrace:
	GetHandleVerifier [0x00D6A813+48355]
	(No symbol) [0x00CFC4B1]
	(No symbol) [0x00C05358]
	(No symbol) [0x00C261AC]
	(No symbol) [0x00C21EF3]
	(No symbol) [0x00C20579]
	(No symbol) [0x00C50C55]
	(No symbol) [0x00C5093C]
	(No symbol) [0x00C4A536]
	(No symbol) [0x00C282DC]
	(No symbol) [0x00C293DD]
	GetHandleVerifier [0x00FCAABD+2539405]
	GetHandleVerifier [0x0100A78F+2800735]
	GetHandleVerifier [0x0100456C+2775612]
	GetHandleVerifier [0x00DF51E0+616112]
	(No symbol) [0x00D05F8C]
	(No symbol) [0x00D02328]
	(No symbol) [0x00D0240B]
	(No symbol) [0x00CF4FF7]
	BaseThreadInitThunk [0x74C77D59+25]
	RtlInitializeExceptionChain [0x76EDB79B+107]
	RtlClearBits [0x76EDB71F+191]
" type="org.openqa.selenium.SessionNotCreatedException">
      <![CDATA[org.openqa.selenium.SessionNotCreatedException: session not created: This version of ChromeDriver only supports Chrome version 114
Current browser version is 116.0.5845.180 with binary path C:\Users\rshro\AppData\Local\Google\Chrome\Application\chrome.exe
Build info: version: '3.141.59', revision: 'e82be7d358', time: '2018-11-14T08:25:48'
System info: host: 'RAJATSHROTRIYA', ip: '192.168.1.62', os.name: 'Windows 11', os.arch: 'amd64', os.version: '10.0', java.version: '17.0.3'
Driver info: driver.version: ChromeDriver
remote stacktrace: Backtrace:
GetHandleVerifier [0x00D6A813+48355]
(No symbol) [0x00CFC4B1]
(No symbol) [0x00C05358]
(No symbol) [0x00C261AC]
(No symbol) [0x00C21EF3]
(No symbol) [0x00C20579]
(No symbol) [0x00C50C55]
(No symbol) [0x00C5093C]
(No symbol) [0x00C4A536]
(No symbol) [0x00C282DC]
(No symbol) [0x00C293DD]
GetHandleVerifier [0x00FCAABD+2539405]
GetHandleVerifier [0x0100A78F+2800735]
GetHandleVerifier [0x0100456C+2775612]
GetHandleVerifier [0x00DF51E0+616112]
(No symbol) [0x00D05F8C]
(No symbol) [0x00D02328]
(No symbol) [0x00D0240B]
(No symbol) [0x00CF4FF7]
BaseThreadInitThunk [0x74C77D59+25]
RtlInitializeExceptionChain [0x76EDB79B+107]
RtlClearBits [0x76EDB71F+191]

at java.base/jdk.internal.reflect.NativeConstructorAccessorImpl.newInstance0(Native Method)
at java.base/jdk.internal.reflect.NativeConstructorAccessorImpl.newInstance(NativeConstructorAccessorImpl.java:77)
at java.base/jdk.internal.reflect.DelegatingConstructorAccessorImpl.newInstance(DelegatingConstructorAccessorImpl.java:45)
at java.base/java.lang.reflect.Constructor.newInstanceWithCaller(Constructor.java:499)
at java.base/java.lang.reflect.Constructor.newInstance(Constructor.java:480)
at org.openqa.selenium.remote.W3CHandshakeResponse.lambda$errorHandler$0(W3CHandshakeResponse.java:62)
at org.openqa.selenium.remote.HandshakeResponse.lambda$getResponseFunction$0(HandshakeResponse.java:30)
at org.openqa.selenium.remote.ProtocolHandshake.lambda$createSession$0(ProtocolHandshake.java:126)
at java.base/java.util.stream.ReferencePipeline$3$1.accept(ReferencePipeline.java:197)
at java.base/java.util.Spliterators$ArraySpliterator.tryAdvance(Spliterators.java:1002)
at java.base/java.util.stream.ReferencePipeline.forEachWithCancel(ReferencePipeline.java:129)
at java.base/java.util.stream.AbstractPipeline.copyIntoWithCancel(AbstractPipeline.java:527)
at java.base/java.util.stream.AbstractPipeline.copyInto(AbstractPipeline.java:513)
at java.base/java.util.stream.AbstractPipeline.wrapAndCopyInto(AbstractPipeline.java:499)
at java.base/java.util.stream.FindOps$FindOp.evaluateSequential(FindOps.java:150)
at java.base/java.util.stream.AbstractPipeline.evaluate(AbstractPipeline.java:234)
at java.base/java.util.stream.ReferencePipeline.findFirst(ReferencePipeline.java:647)
at org.openqa.selenium.remote.ProtocolHandshake.createSession(ProtocolHandshake.java:128)
at org.openqa.selenium.remote.ProtocolHandshake.createSession(ProtocolHandshake.java:74)
at org.openqa.selenium.remote.HttpCommandExecutor.execute(HttpCommandExecutor.java:136)
at org.openqa.selenium.remote.service.DriverCommandExecutor.execute(DriverCommandExecutor.java:83)
at org.openqa.selenium.remote.RemoteWebDriver.execute(RemoteWebDriver.java:552)
at org.openqa.selenium.remote.RemoteWebDriver.startSession(RemoteWebDriver.java:213)
at org.openqa.selenium.remote.RemoteWebDriver.<init>(RemoteWebDriver.java:131)
at org.openqa.selenium.chrome.ChromeDriver.<init>(ChromeDriver.java:181)
at org.openqa.selenium.chrome.ChromeDriver.<init>(ChromeDriver.java:168)
at org.openqa.selenium.chrome.ChromeDriver.<init>(ChromeDriver.java:123)
at baselibrary.BaseLibrary.getlaunchUrl(BaseLibrary.java:26)
at testingbaba_test.Selectdropdown_test.getlaunchtestingbabulr(Selectdropdown_test.java:17)
at java.base/jdk.internal.reflect.NativeMethodAccessorImpl.invoke0(Native Method)
at java.base/jdk.internal.reflect.NativeMethodAccessorImpl.invoke(NativeMethodAccessorImpl.java:77)
at java.base/jdk.internal.reflect.DelegatingMethodAccessorImpl.invoke(DelegatingMethodAccessorImpl.java:43)
at java.base/java.lang.reflect.Method.invoke(Method.java:568)
at org.testng.internal.MethodInvocationHelper.invokeMethod(MethodInvocationHelper.java:133)
at org.testng.internal.MethodInvocationHelper.invokeMethodConsideringTimeout(MethodInvocationHelper.java:62)
at org.testng.internal.ConfigInvoker.invokeConfigurationMethod(ConfigInvoker.java:385)
at org.testng.internal.ConfigInvoker.invokeConfigurations(ConfigInvoker.java:321)
at org.testng.TestRunner.invokeTestConfigurations(TestRunner.java:637)
at org.testng.TestRunner.beforeRun(TestRunner.java:627)
at org.testng.TestRunner.run(TestRunner.java:589)
at org.testng.SuiteRunner.runTest(SuiteRunner.java:377)
at org.testng.SuiteRunner.runSequentially(SuiteRunner.java:371)
at org.testng.SuiteRunner.privateRun(SuiteRunner.java:332)
at org.testng.SuiteRunner.run(SuiteRunner.java:276)
at org.testng.SuiteRunnerWorker.runSuite(SuiteRunnerWorker.java:53)
at org.testng.SuiteRunnerWorker.run(SuiteRunnerWorker.java:96)
at org.testng.TestNG.runSuitesSequentially(TestNG.java:1212)
at org.testng.TestNG.runSuitesLocally(TestNG.java:1134)
at org.testng.TestNG.runSuites(TestNG.java:1063)
at org.testng.TestNG.run(TestNG.java:1031)
at org.testng.remote.AbstractRemoteTestNG.run(AbstractRemoteTestNG.java:115)
at org.testng.remote.RemoteTestNG.initAndRun(RemoteTestNG.java:251)
at org.testng.remote.RemoteTestNG.main(RemoteTestNG.java:77)
]]>
    </error>
  </testcase> <!-- getlaunchtestingbabulr -->
  <system-out/>
  <testcase classname="testingbaba_test.Selectdropdown_test" name="clickonwidgets" time="0.000">
    <skipped/>
  </testcase> <!-- clickonwidgets -->
  <system-out/>
  <testcase classname="testingbaba_test.Selectdropdown_test" name="clickonselectmenu" time="0.000">
    <skipped/>
  </testcase> <!-- clickonselectmenu -->
  <system-out/>
  <testcase classname="testingbaba_test.Selectdropdown_test" name="clickonselctdropdown" time="0.000">
    <skipped/>
  </testcase> <!-- clickonselctdropdown -->
  <system-out/>
</testsuite> <!-- testingbaba_test.Selectdropdown_test -->
