<?xml version="1.0" encoding="UTF-8"?>
<!-- Generated by org.testng.reporters.JUnitReportReporter -->
<testsuite hostname="RajatShrotriya" failures="1" tests="4" name="testingbaba_test.Tabs_test" time="1.918" errors="0" timestamp="2023-05-22T14:38:50 IST" skipped="0">
  <testcase classname="testingbaba_test.Tabs_test" name="clickonwidgwts" time="0.475"/>
  <system-out/>
  <testcase classname="testingbaba_test.Tabs_test" name="clickontab" time="0.388"/>
  <system-out/>
  <testcase classname="testingbaba_test.Tabs_test" name="clickontab1" time="0.750"/>
  <system-out/>
  <testcase classname="testingbaba_test.Tabs_test" name="clickontab2" time="0.305">
    <failure message="expected [The precise nature of your messages matter. Whether in speeches, ads or written communication, the tone of your messages, the way they engage your audience, and the benefits they bring to life all have a big impact. Even the choice of specific words makes a difference.] but found []" type="java.lang.AssertionError">
      <![CDATA[java.lang.AssertionError: expected [The precise nature of your messages matter. Whether in speeches, ads or written communication, the tone of your messages, the way they engage your audience, and the benefits they bring to life all have a big impact. Even the choice of specific words makes a difference.] but found []
at org.testng.Assert.fail(Assert.java:99)
at org.testng.Assert.failNotEquals(Assert.java:1037)
at org.testng.Assert.assertEqualsImpl(Assert.java:140)
at org.testng.Assert.assertEquals(Assert.java:122)
at org.testng.Assert.assertEquals(Assert.java:629)
at org.testng.Assert.assertEquals(Assert.java:639)
at testingbaba_pages.Tabs_page.clickontab2(Tabs_page.java:64)
at testingbaba_test.Tabs_test.clickontab2(Tabs_test.java:43)
at java.base/jdk.internal.reflect.NativeMethodAccessorImpl.invoke0(Native Method)
at java.base/jdk.internal.reflect.NativeMethodAccessorImpl.invoke(NativeMethodAccessorImpl.java:77)
at java.base/jdk.internal.reflect.DelegatingMethodAccessorImpl.invoke(DelegatingMethodAccessorImpl.java:43)
at java.base/java.lang.reflect.Method.invoke(Method.java:568)
at org.testng.internal.MethodInvocationHelper.invokeMethod(MethodInvocationHelper.java:133)
at org.testng.internal.TestInvoker.invokeMethod(TestInvoker.java:598)
at org.testng.internal.TestInvoker.invokeTestMethod(TestInvoker.java:173)
at org.testng.internal.MethodRunner.runInSequence(MethodRunner.java:46)
at org.testng.internal.TestInvoker$MethodInvocationAgent.invoke(TestInvoker.java:824)
at org.testng.internal.TestInvoker.invokeTestMethods(TestInvoker.java:146)
at org.testng.internal.TestMethodWorker.invokeTestMethods(TestMethodWorker.java:146)
at org.testng.internal.TestMethodWorker.run(TestMethodWorker.java:128)
at java.base/java.util.ArrayList.forEach(ArrayList.java:1511)
at org.testng.TestRunner.privateRun(TestRunner.java:794)
at org.testng.TestRunner.run(TestRunner.java:596)
at org.testng.SuiteRunner.runTest(SuiteRunner.java:377)
at org.testng.SuiteRunner.runSequentially(SuiteRunner.java:371)
at org.testng.SuiteRunner.privateRun(SuiteRunner.java:332)
at org.testng.SuiteRunner.run(SuiteRunner.java:276)
at org.testng.SuiteRunnerWorker.runSuite(SuiteRunnerWorker.java:53)
at org.testng.SuiteRunnerWorker.run(SuiteRunnerWorker.java:96)
at org.testng.TestNG.runSuitesSequentially(TestNG.java:1212)
at org.testng.TestNG.runSuitesLocally(TestNG.java:1134)
at org.testng.TestNG.runSuites(TestNG.java:1063)
at org.testng.TestNG.run(TestNG.java:1031)
at org.testng.remote.AbstractRemoteTestNG.run(AbstractRemoteTestNG.java:115)
at org.testng.remote.RemoteTestNG.initAndRun(RemoteTestNG.java:251)
at org.testng.remote.RemoteTestNG.main(RemoteTestNG.java:77)
]]>
    </failure>
  </testcase> <!-- clickontab2 -->
  <system-out/>
</testsuite> <!-- testingbaba_test.Tabs_test -->
