<!DOCTYPE html PUBLIC "-//W3C//DTD XHTML 1.1//EN" "https://www.w3.org/TR/xhtml11/DTD/xhtml11.dtd">
<html xmlns="https://www.w3.org/1999/xhtml">
<head>
<meta http-equiv="content-type" content="text/html; charset=UTF-8"/>
<title>TestNG Report</title>
<style type="text/css">table {margin-bottom:10px;border-collapse:collapse;empty-cells:show}th,td {border:1px solid #009;padding:.25em .5em}th {vertical-align:bottom}td {vertical-align:top}table a {font-weight:bold}.stripe td {background-color: #E6EBF9}.num {text-align:right}.passedodd td {background-color: #3F3}.passedeven td {background-color: #0A0}.skippedodd td {background-color: #DDD}.skippedeven td {background-color: #CCC}.failedodd td,.attn {background-color: #F33}.failedeven td,.stripe .attn {background-color: #D00}.stacktrace {white-space:pre;font-family:monospace}.totop {font-size:85%;text-align:center;border-bottom:2px solid #000}.invisible {display:none}</style>
</head>
<body>
<table>
<tr><th>Test</th><th># Passed</th><th># Skipped</th><th># Retried</th><th># Failed</th><th>Time (ms)</th><th>Included Groups</th><th>Excluded Groups</th></tr>
<tr><th colspan="8">testingbaba</th></tr>
<tr><td><a href="#t0">selectmenu</a></td><td class="num">0</td><td class="num attn">3</td><td class="num">0</td><td class="num">0</td><td class="num">1,875</td><td></td><td></td></tr>
</table>
<table id='summary'><thead><tr><th>Class</th><th>Method</th><th>Start</th><th>Time (ms)</th></tr></thead><tbody><tr><th colspan="4">testingbaba</th></tr></tbody><tbody id="t0"><tr><th colspan="4">selectmenu &#8212; failed (configuration methods)</th></tr><tr class="failedeven"><td rowspan="1">testingbaba_test.Selectdropdown_test</td><td><a href="#m0">getlaunchtestingbabulr</a></td><td rowspan="1">1694415963529</td><td rowspan="1">1766</td></tr><tr><th colspan="4">selectmenu &#8212; skipped (configuration methods)</th></tr><tr class="skippedeven"><td rowspan="4">testingbaba_test.Selectdropdown_test</td><td><a href="#m1">getanalysis</a></td><td rowspan="3">1694415965389</td><td rowspan="3">-1694415965389</td></tr><tr class="skippedeven"><td><a href="#m2">getanalysis</a></td></tr><tr class="skippedeven"><td><a href="#m3">getanalysis</a></td></tr><tr class="skippedeven"><td><a href="#m4">teardown</a></td><td rowspan="1">1694415965396</td><td rowspan="1">-1694415965396</td></tr><tr><th colspan="4">selectmenu &#8212; skipped</th></tr><tr class="skippedeven"><td rowspan="3">testingbaba_test.Selectdropdown_test</td><td><a href="#m5">clickonselctdropdown</a></td><td rowspan="1">1694415965377</td><td rowspan="1">0</td></tr><tr class="skippedeven"><td><a href="#m6">clickonselectmenu</a></td><td rowspan="1">1694415965355</td><td rowspan="1">0</td></tr><tr class="skippedeven"><td><a href="#m7">clickonwidgets</a></td><td rowspan="1">1694415965338</td><td rowspan="1">0</td></tr></tbody>
</table>
<h2>selectmenu</h2><h3 id="m0">testingbaba_test.Selectdropdown_test#getlaunchtestingbabulr</h3><table class="result"><tr><th>Exception</th></tr><tr><td><div class="stacktrace">org.openqa.selenium.SessionNotCreatedException: session not created: This version of ChromeDriver only supports Chrome version 114
Current browser version is 116.0.5845.180 with binary path C:\Users\rshro\AppData\Local\Google\Chrome\Application\chrome.exe
Build info: version: &apos;3.141.59&apos;, revision: &apos;e82be7d358&apos;, time: &apos;2018-11-14T08:25:48&apos;
System info: host: &apos;RAJATSHROTRIYA&apos;, ip: &apos;192.168.1.62&apos;, os.name: &apos;Windows 11&apos;, os.arch: &apos;amd64&apos;, os.version: &apos;10.0&apos;, java.version: &apos;17.0.3&apos;
Driver info: driver.version: ChromeDriver
remote stacktrace: Backtrace:
	GetHandleVerifier [0x00D6A813+48355]
	(No symbol) [0x00CFC4B1]
	(No symbol) [0x00C05358]
	(No symbol) [0x00C261AC]
	(No symbol) [0x00C21EF3]
	(No symbol) [0x00C20579]
	(No symbol) [0x00C50C55]
	(No symbol) [0x00C5093C]
	(No symbol) [0x00C4A536]
	(No symbol) [0x00C282DC]
	(No symbol) [0x00C293DD]
	GetHandleVerifier [0x00FCAABD+2539405]
	GetHandleVerifier [0x0100A78F+2800735]
	GetHandleVerifier [0x0100456C+2775612]
	GetHandleVerifier [0x00DF51E0+616112]
	(No symbol) [0x00D05F8C]
	(No symbol) [0x00D02328]
	(No symbol) [0x00D0240B]
	(No symbol) [0x00CF4FF7]
	BaseThreadInitThunk [0x74C77D59+25]
	RtlInitializeExceptionChain [0x76EDB79B+107]
	RtlClearBits [0x76EDB71F+191]

	at org.openqa.selenium.remote.W3CHandshakeResponse.lambda$errorHandler$0(W3CHandshakeResponse.java:62)
	at org.openqa.selenium.remote.HandshakeResponse.lambda$getResponseFunction$0(HandshakeResponse.java:30)
	at org.openqa.selenium.remote.ProtocolHandshake.lambda$createSession$0(ProtocolHandshake.java:126)
	at java.base/java.util.stream.ReferencePipeline$3$1.accept(ReferencePipeline.java:197)
	at java.base/java.util.Spliterators$ArraySpliterator.tryAdvance(Spliterators.java:1002)
	at java.base/java.util.stream.ReferencePipeline.forEachWithCancel(ReferencePipeline.java:129)
	at java.base/java.util.stream.AbstractPipeline.copyIntoWithCancel(AbstractPipeline.java:527)
	at java.base/java.util.stream.AbstractPipeline.copyInto(AbstractPipeline.java:513)
	at java.base/java.util.stream.AbstractPipeline.wrapAndCopyInto(AbstractPipeline.java:499)
	at java.base/java.util.stream.FindOps$FindOp.evaluateSequential(FindOps.java:150)
	at java.base/java.util.stream.AbstractPipeline.evaluate(AbstractPipeline.java:234)
	at java.base/java.util.stream.ReferencePipeline.findFirst(ReferencePipeline.java:647)
	at org.openqa.selenium.remote.ProtocolHandshake.createSession(ProtocolHandshake.java:128)
	at org.openqa.selenium.remote.ProtocolHandshake.createSession(ProtocolHandshake.java:74)
	at org.openqa.selenium.remote.HttpCommandExecutor.execute(HttpCommandExecutor.java:136)
	at org.openqa.selenium.remote.service.DriverCommandExecutor.execute(DriverCommandExecutor.java:83)
	at org.openqa.selenium.remote.RemoteWebDriver.execute(RemoteWebDriver.java:552)
	at org.openqa.selenium.remote.RemoteWebDriver.startSession(RemoteWebDriver.java:213)
	at org.openqa.selenium.remote.RemoteWebDriver.&lt;init&gt;(RemoteWebDriver.java:131)
	at org.openqa.selenium.chrome.ChromeDriver.&lt;init&gt;(ChromeDriver.java:181)
	at org.openqa.selenium.chrome.ChromeDriver.&lt;init&gt;(ChromeDriver.java:168)
	at org.openqa.selenium.chrome.ChromeDriver.&lt;init&gt;(ChromeDriver.java:123)
	at baselibrary.BaseLibrary.getlaunchUrl(BaseLibrary.java:26)
	at testingbaba_test.Selectdropdown_test.getlaunchtestingbabulr(Selectdropdown_test.java:17)
... Removed 29 stack frames</div></td></tr></table><p class="totop"><a href="#summary">back to summary</a></p>
<h3 id="m1">testingbaba_test.Selectdropdown_test#getanalysis</h3><table class="result"><tr><th class="invisible"/></tr></table><p class="totop"><a href="#summary">back to summary</a></p>
<h3 id="m2">testingbaba_test.Selectdropdown_test#getanalysis</h3><table class="result"><tr><th class="invisible"/></tr></table><p class="totop"><a href="#summary">back to summary</a></p>
<h3 id="m3">testingbaba_test.Selectdropdown_test#getanalysis</h3><table class="result"><tr><th class="invisible"/></tr></table><p class="totop"><a href="#summary">back to summary</a></p>
<h3 id="m4">testingbaba_test.Selectdropdown_test#teardown</h3><table class="result"><tr><th class="invisible"/></tr></table><p class="totop"><a href="#summary">back to summary</a></p>
<h3 id="m5">testingbaba_test.Selectdropdown_test#clickonselctdropdown</h3><table class="result"><tr><th>Exception</th></tr><tr><td><div class="stacktrace">org.openqa.selenium.SessionNotCreatedException: session not created: This version of ChromeDriver only supports Chrome version 114
Current browser version is 116.0.5845.180 with binary path C:\Users\rshro\AppData\Local\Google\Chrome\Application\chrome.exe
Build info: version: &apos;3.141.59&apos;, revision: &apos;e82be7d358&apos;, time: &apos;2018-11-14T08:25:48&apos;
System info: host: &apos;RAJATSHROTRIYA&apos;, ip: &apos;192.168.1.62&apos;, os.name: &apos;Windows 11&apos;, os.arch: &apos;amd64&apos;, os.version: &apos;10.0&apos;, java.version: &apos;17.0.3&apos;
Driver info: driver.version: ChromeDriver
remote stacktrace: Backtrace:
	GetHandleVerifier [0x00D6A813+48355]
	(No symbol) [0x00CFC4B1]
	(No symbol) [0x00C05358]
	(No symbol) [0x00C261AC]
	(No symbol) [0x00C21EF3]
	(No symbol) [0x00C20579]
	(No symbol) [0x00C50C55]
	(No symbol) [0x00C5093C]
	(No symbol) [0x00C4A536]
	(No symbol) [0x00C282DC]
	(No symbol) [0x00C293DD]
	GetHandleVerifier [0x00FCAABD+2539405]
	GetHandleVerifier [0x0100A78F+2800735]
	GetHandleVerifier [0x0100456C+2775612]
	GetHandleVerifier [0x00DF51E0+616112]
	(No symbol) [0x00D05F8C]
	(No symbol) [0x00D02328]
	(No symbol) [0x00D0240B]
	(No symbol) [0x00CF4FF7]
	BaseThreadInitThunk [0x74C77D59+25]
	RtlInitializeExceptionChain [0x76EDB79B+107]
	RtlClearBits [0x76EDB71F+191]

	at org.openqa.selenium.remote.W3CHandshakeResponse.lambda$errorHandler$0(W3CHandshakeResponse.java:62)
	at org.openqa.selenium.remote.HandshakeResponse.lambda$getResponseFunction$0(HandshakeResponse.java:30)
	at org.openqa.selenium.remote.ProtocolHandshake.lambda$createSession$0(ProtocolHandshake.java:126)
	at java.base/java.util.stream.ReferencePipeline$3$1.accept(ReferencePipeline.java:197)
	at java.base/java.util.Spliterators$ArraySpliterator.tryAdvance(Spliterators.java:1002)
	at java.base/java.util.stream.ReferencePipeline.forEachWithCancel(ReferencePipeline.java:129)
	at java.base/java.util.stream.AbstractPipeline.copyIntoWithCancel(AbstractPipeline.java:527)
	at java.base/java.util.stream.AbstractPipeline.copyInto(AbstractPipeline.java:513)
	at java.base/java.util.stream.AbstractPipeline.wrapAndCopyInto(AbstractPipeline.java:499)
	at java.base/java.util.stream.FindOps$FindOp.evaluateSequential(FindOps.java:150)
	at java.base/java.util.stream.AbstractPipeline.evaluate(AbstractPipeline.java:234)
	at java.base/java.util.stream.ReferencePipeline.findFirst(ReferencePipeline.java:647)
	at org.openqa.selenium.remote.ProtocolHandshake.createSession(ProtocolHandshake.java:128)
	at org.openqa.selenium.remote.ProtocolHandshake.createSession(ProtocolHandshake.java:74)
	at org.openqa.selenium.remote.HttpCommandExecutor.execute(HttpCommandExecutor.java:136)
	at org.openqa.selenium.remote.service.DriverCommandExecutor.execute(DriverCommandExecutor.java:83)
	at org.openqa.selenium.remote.RemoteWebDriver.execute(RemoteWebDriver.java:552)
	at org.openqa.selenium.remote.RemoteWebDriver.startSession(RemoteWebDriver.java:213)
	at org.openqa.selenium.remote.RemoteWebDriver.&lt;init&gt;(RemoteWebDriver.java:131)
	at org.openqa.selenium.chrome.ChromeDriver.&lt;init&gt;(ChromeDriver.java:181)
	at org.openqa.selenium.chrome.ChromeDriver.&lt;init&gt;(ChromeDriver.java:168)
	at org.openqa.selenium.chrome.ChromeDriver.&lt;init&gt;(ChromeDriver.java:123)
	at baselibrary.BaseLibrary.getlaunchUrl(BaseLibrary.java:26)
	at testingbaba_test.Selectdropdown_test.getlaunchtestingbabulr(Selectdropdown_test.java:17)
... Removed 29 stack frames</div></td></tr></table><p class="totop"><a href="#summary">back to summary</a></p>
<h3 id="m6">testingbaba_test.Selectdropdown_test#clickonselectmenu</h3><table class="result"><tr><th>Exception</th></tr><tr><td><div class="stacktrace">org.openqa.selenium.SessionNotCreatedException: session not created: This version of ChromeDriver only supports Chrome version 114
Current browser version is 116.0.5845.180 with binary path C:\Users\rshro\AppData\Local\Google\Chrome\Application\chrome.exe
Build info: version: &apos;3.141.59&apos;, revision: &apos;e82be7d358&apos;, time: &apos;2018-11-14T08:25:48&apos;
System info: host: &apos;RAJATSHROTRIYA&apos;, ip: &apos;192.168.1.62&apos;, os.name: &apos;Windows 11&apos;, os.arch: &apos;amd64&apos;, os.version: &apos;10.0&apos;, java.version: &apos;17.0.3&apos;
Driver info: driver.version: ChromeDriver
remote stacktrace: Backtrace:
	GetHandleVerifier [0x00D6A813+48355]
	(No symbol) [0x00CFC4B1]
	(No symbol) [0x00C05358]
	(No symbol) [0x00C261AC]
	(No symbol) [0x00C21EF3]
	(No symbol) [0x00C20579]
	(No symbol) [0x00C50C55]
	(No symbol) [0x00C5093C]
	(No symbol) [0x00C4A536]
	(No symbol) [0x00C282DC]
	(No symbol) [0x00C293DD]
	GetHandleVerifier [0x00FCAABD+2539405]
	GetHandleVerifier [0x0100A78F+2800735]
	GetHandleVerifier [0x0100456C+2775612]
	GetHandleVerifier [0x00DF51E0+616112]
	(No symbol) [0x00D05F8C]
	(No symbol) [0x00D02328]
	(No symbol) [0x00D0240B]
	(No symbol) [0x00CF4FF7]
	BaseThreadInitThunk [0x74C77D59+25]
	RtlInitializeExceptionChain [0x76EDB79B+107]
	RtlClearBits [0x76EDB71F+191]

	at org.openqa.selenium.remote.W3CHandshakeResponse.lambda$errorHandler$0(W3CHandshakeResponse.java:62)
	at org.openqa.selenium.remote.HandshakeResponse.lambda$getResponseFunction$0(HandshakeResponse.java:30)
	at org.openqa.selenium.remote.ProtocolHandshake.lambda$createSession$0(ProtocolHandshake.java:126)
	at java.base/java.util.stream.ReferencePipeline$3$1.accept(ReferencePipeline.java:197)
	at java.base/java.util.Spliterators$ArraySpliterator.tryAdvance(Spliterators.java:1002)
	at java.base/java.util.stream.ReferencePipeline.forEachWithCancel(ReferencePipeline.java:129)
	at java.base/java.util.stream.AbstractPipeline.copyIntoWithCancel(AbstractPipeline.java:527)
	at java.base/java.util.stream.AbstractPipeline.copyInto(AbstractPipeline.java:513)
	at java.base/java.util.stream.AbstractPipeline.wrapAndCopyInto(AbstractPipeline.java:499)
	at java.base/java.util.stream.FindOps$FindOp.evaluateSequential(FindOps.java:150)
	at java.base/java.util.stream.AbstractPipeline.evaluate(AbstractPipeline.java:234)
	at java.base/java.util.stream.ReferencePipeline.findFirst(ReferencePipeline.java:647)
	at org.openqa.selenium.remote.ProtocolHandshake.createSession(ProtocolHandshake.java:128)
	at org.openqa.selenium.remote.ProtocolHandshake.createSession(ProtocolHandshake.java:74)
	at org.openqa.selenium.remote.HttpCommandExecutor.execute(HttpCommandExecutor.java:136)
	at org.openqa.selenium.remote.service.DriverCommandExecutor.execute(DriverCommandExecutor.java:83)
	at org.openqa.selenium.remote.RemoteWebDriver.execute(RemoteWebDriver.java:552)
	at org.openqa.selenium.remote.RemoteWebDriver.startSession(RemoteWebDriver.java:213)
	at org.openqa.selenium.remote.RemoteWebDriver.&lt;init&gt;(RemoteWebDriver.java:131)
	at org.openqa.selenium.chrome.ChromeDriver.&lt;init&gt;(ChromeDriver.java:181)
	at org.openqa.selenium.chrome.ChromeDriver.&lt;init&gt;(ChromeDriver.java:168)
	at org.openqa.selenium.chrome.ChromeDriver.&lt;init&gt;(ChromeDriver.java:123)
	at baselibrary.BaseLibrary.getlaunchUrl(BaseLibrary.java:26)
	at testingbaba_test.Selectdropdown_test.getlaunchtestingbabulr(Selectdropdown_test.java:17)
... Removed 29 stack frames</div></td></tr></table><p class="totop"><a href="#summary">back to summary</a></p>
<h3 id="m7">testingbaba_test.Selectdropdown_test#clickonwidgets</h3><table class="result"><tr><th>Exception</th></tr><tr><td><div class="stacktrace">org.openqa.selenium.SessionNotCreatedException: session not created: This version of ChromeDriver only supports Chrome version 114
Current browser version is 116.0.5845.180 with binary path C:\Users\rshro\AppData\Local\Google\Chrome\Application\chrome.exe
Build info: version: &apos;3.141.59&apos;, revision: &apos;e82be7d358&apos;, time: &apos;2018-11-14T08:25:48&apos;
System info: host: &apos;RAJATSHROTRIYA&apos;, ip: &apos;192.168.1.62&apos;, os.name: &apos;Windows 11&apos;, os.arch: &apos;amd64&apos;, os.version: &apos;10.0&apos;, java.version: &apos;17.0.3&apos;
Driver info: driver.version: ChromeDriver
remote stacktrace: Backtrace:
	GetHandleVerifier [0x00D6A813+48355]
	(No symbol) [0x00CFC4B1]
	(No symbol) [0x00C05358]
	(No symbol) [0x00C261AC]
	(No symbol) [0x00C21EF3]
	(No symbol) [0x00C20579]
	(No symbol) [0x00C50C55]
	(No symbol) [0x00C5093C]
	(No symbol) [0x00C4A536]
	(No symbol) [0x00C282DC]
	(No symbol) [0x00C293DD]
	GetHandleVerifier [0x00FCAABD+2539405]
	GetHandleVerifier [0x0100A78F+2800735]
	GetHandleVerifier [0x0100456C+2775612]
	GetHandleVerifier [0x00DF51E0+616112]
	(No symbol) [0x00D05F8C]
	(No symbol) [0x00D02328]
	(No symbol) [0x00D0240B]
	(No symbol) [0x00CF4FF7]
	BaseThreadInitThunk [0x74C77D59+25]
	RtlInitializeExceptionChain [0x76EDB79B+107]
	RtlClearBits [0x76EDB71F+191]

	at org.openqa.selenium.remote.W3CHandshakeResponse.lambda$errorHandler$0(W3CHandshakeResponse.java:62)
	at org.openqa.selenium.remote.HandshakeResponse.lambda$getResponseFunction$0(HandshakeResponse.java:30)
	at org.openqa.selenium.remote.ProtocolHandshake.lambda$createSession$0(ProtocolHandshake.java:126)
	at java.base/java.util.stream.ReferencePipeline$3$1.accept(ReferencePipeline.java:197)
	at java.base/java.util.Spliterators$ArraySpliterator.tryAdvance(Spliterators.java:1002)
	at java.base/java.util.stream.ReferencePipeline.forEachWithCancel(ReferencePipeline.java:129)
	at java.base/java.util.stream.AbstractPipeline.copyIntoWithCancel(AbstractPipeline.java:527)
	at java.base/java.util.stream.AbstractPipeline.copyInto(AbstractPipeline.java:513)
	at java.base/java.util.stream.AbstractPipeline.wrapAndCopyInto(AbstractPipeline.java:499)
	at java.base/java.util.stream.FindOps$FindOp.evaluateSequential(FindOps.java:150)
	at java.base/java.util.stream.AbstractPipeline.evaluate(AbstractPipeline.java:234)
	at java.base/java.util.stream.ReferencePipeline.findFirst(ReferencePipeline.java:647)
	at org.openqa.selenium.remote.ProtocolHandshake.createSession(ProtocolHandshake.java:128)
	at org.openqa.selenium.remote.ProtocolHandshake.createSession(ProtocolHandshake.java:74)
	at org.openqa.selenium.remote.HttpCommandExecutor.execute(HttpCommandExecutor.java:136)
	at org.openqa.selenium.remote.service.DriverCommandExecutor.execute(DriverCommandExecutor.java:83)
	at org.openqa.selenium.remote.RemoteWebDriver.execute(RemoteWebDriver.java:552)
	at org.openqa.selenium.remote.RemoteWebDriver.startSession(RemoteWebDriver.java:213)
	at org.openqa.selenium.remote.RemoteWebDriver.&lt;init&gt;(RemoteWebDriver.java:131)
	at org.openqa.selenium.chrome.ChromeDriver.&lt;init&gt;(ChromeDriver.java:181)
	at org.openqa.selenium.chrome.ChromeDriver.&lt;init&gt;(ChromeDriver.java:168)
	at org.openqa.selenium.chrome.ChromeDriver.&lt;init&gt;(ChromeDriver.java:123)
	at baselibrary.BaseLibrary.getlaunchUrl(BaseLibrary.java:26)
	at testingbaba_test.Selectdropdown_test.getlaunchtestingbabulr(Selectdropdown_test.java:17)
... Removed 29 stack frames</div></td></tr></table><p class="totop"><a href="#summary">back to summary</a></p>
</body>
</html>
