<?xml version="1.0" encoding="UTF-8"?>
<!-- Generated by org.testng.reporters.JUnitXMLReporter -->
<testsuite ignored="0" hostname="RajatShrotriya" failures="0" tests="3" name="Autocomplete_test" time="2.073" errors="0" timestamp="2022-10-03T16:35:01 IST">
  <testcase classname="testingbaba_test.Autocomplete_test" name="@BeforeTest getlaunchurl" time="1.951">
    <failure type="org.openqa.selenium.SessionNotCreatedException" message="session not created: This version of ChromeDriver only supports Chrome version 104
Current browser version is 106.0.5249.91 with binary path C:\Users\rshro\AppData\Local\Google\Chrome\Application\chrome.exe
Build info: version: &amp;apos;3.141.59&amp;apos;, revision: &amp;apos;e82be7d358&amp;apos;, time: &amp;apos;2018-11-14T08:25:48&amp;apos;
System info: host: &amp;apos;RAJATSHROTRIYA&amp;apos;, ip: &amp;apos;192.168.1.97&amp;apos;, os.name: &amp;apos;Windows 11&amp;apos;, os.arch: &amp;apos;amd64&amp;apos;, os.version: &amp;apos;10.0&amp;apos;, java.version: &amp;apos;17.0.3&amp;apos;
Driver info: driver.version: ChromeDriver
remote stacktrace: Backtrace:
	Ordinal0 [0x008778B3+2193587]
	Ordinal0 [0x00810681+1771137]
	Ordinal0 [0x007241A8+803240]
	Ordinal0 [0x00745CC3+941251]
	Ordinal0 [0x007413EF+922607]
	Ordinal0 [0x0073EBC1+912321]
	Ordinal0 [0x007723B0+1123248]
	Ordinal0 [0x0077200A+1122314]
	Ordinal0 [0x0076D5C6+1103302]
	Ordinal0 [0x007477E0+948192]
	Ordinal0 [0x007486E6+952038]
	GetHandleVerifier [0x00B20CB2+2738370]
	GetHandleVerifier [0x00B121B8+2678216]
	GetHandleVerifier [0x009017AA+512954]
	GetHandleVerifier [0x00900856+509030]
	Ordinal0 [0x0081743B+1799227]
	Ordinal0 [0x0081BB68+1817448]
	Ordinal0 [0x0081BC55+1817685]
	Ordinal0 [0x00825230+1856048]
	BaseThreadInitThunk [0x76756739+25]
	RtlGetFullPathName_UEx [0x777B8FD2+1218]
	RtlGetFullPathName_UEx [0x777B8F9D+1165]
">
      <![CDATA[org.openqa.selenium.SessionNotCreatedException: session not created: This version of ChromeDriver only supports Chrome version 104
Current browser version is 106.0.5249.91 with binary path C:\Users\rshro\AppData\Local\Google\Chrome\Application\chrome.exe
Build info: version: '3.141.59', revision: 'e82be7d358', time: '2018-11-14T08:25:48'
System info: host: 'RAJATSHROTRIYA', ip: '192.168.1.97', os.name: 'Windows 11', os.arch: 'amd64', os.version: '10.0', java.version: '17.0.3'
Driver info: driver.version: ChromeDriver
remote stacktrace: Backtrace:
Ordinal0 [0x008778B3+2193587]
Ordinal0 [0x00810681+1771137]
Ordinal0 [0x007241A8+803240]
Ordinal0 [0x00745CC3+941251]
Ordinal0 [0x007413EF+922607]
Ordinal0 [0x0073EBC1+912321]
Ordinal0 [0x007723B0+1123248]
Ordinal0 [0x0077200A+1122314]
Ordinal0 [0x0076D5C6+1103302]
Ordinal0 [0x007477E0+948192]
Ordinal0 [0x007486E6+952038]
GetHandleVerifier [0x00B20CB2+2738370]
GetHandleVerifier [0x00B121B8+2678216]
GetHandleVerifier [0x009017AA+512954]
GetHandleVerifier [0x00900856+509030]
Ordinal0 [0x0081743B+1799227]
Ordinal0 [0x0081BB68+1817448]
Ordinal0 [0x0081BC55+1817685]
Ordinal0 [0x00825230+1856048]
BaseThreadInitThunk [0x76756739+25]
RtlGetFullPathName_UEx [0x777B8FD2+1218]
RtlGetFullPathName_UEx [0x777B8F9D+1165]

at org.openqa.selenium.remote.W3CHandshakeResponse.lambda$errorHandler$0(W3CHandshakeResponse.java:62)
at org.openqa.selenium.remote.HandshakeResponse.lambda$getResponseFunction$0(HandshakeResponse.java:30)
at org.openqa.selenium.remote.ProtocolHandshake.lambda$createSession$0(ProtocolHandshake.java:126)
at java.base/java.util.stream.ReferencePipeline$3$1.accept(ReferencePipeline.java:197)
at java.base/java.util.Spliterators$ArraySpliterator.tryAdvance(Spliterators.java:1002)
at java.base/java.util.stream.ReferencePipeline.forEachWithCancel(ReferencePipeline.java:129)
at java.base/java.util.stream.AbstractPipeline.copyIntoWithCancel(AbstractPipeline.java:527)
at java.base/java.util.stream.AbstractPipeline.copyInto(AbstractPipeline.java:513)
at java.base/java.util.stream.AbstractPipeline.wrapAndCopyInto(AbstractPipeline.java:499)
at java.base/java.util.stream.FindOps$FindOp.evaluateSequential(FindOps.java:150)
at java.base/java.util.stream.AbstractPipeline.evaluate(AbstractPipeline.java:234)
at java.base/java.util.stream.ReferencePipeline.findFirst(ReferencePipeline.java:647)
at org.openqa.selenium.remote.ProtocolHandshake.createSession(ProtocolHandshake.java:128)
at org.openqa.selenium.remote.ProtocolHandshake.createSession(ProtocolHandshake.java:74)
at org.openqa.selenium.remote.HttpCommandExecutor.execute(HttpCommandExecutor.java:136)
at org.openqa.selenium.remote.service.DriverCommandExecutor.execute(DriverCommandExecutor.java:83)
at org.openqa.selenium.remote.RemoteWebDriver.execute(RemoteWebDriver.java:552)
at org.openqa.selenium.remote.RemoteWebDriver.startSession(RemoteWebDriver.java:213)
at org.openqa.selenium.remote.RemoteWebDriver.<init>(RemoteWebDriver.java:131)
at org.openqa.selenium.chrome.ChromeDriver.<init>(ChromeDriver.java:181)
at org.openqa.selenium.chrome.ChromeDriver.<init>(ChromeDriver.java:168)
at org.openqa.selenium.chrome.ChromeDriver.<init>(ChromeDriver.java:123)
at baselibrary.BaseLibrary.getlaunchUrl(BaseLibrary.java:24)
at testingbaba_test.Autocomplete_test.getlaunchurl(Autocomplete_test.java:18)
... Removed 29 stack frames]]>
    </failure>
  </testcase> <!-- @BeforeTest getlaunchurl -->
  <testcase classname="baselibrary.BaseLibrary" name="@AfterMethod getanalysis" time="-1.664795101342E9">
    <skipped/>
  </testcase> <!-- @AfterMethod getanalysis -->
  <testcase classname="baselibrary.BaseLibrary" name="@AfterMethod getanalysis" time="-1.664795101363E9">
    <skipped/>
  </testcase> <!-- @AfterMethod getanalysis -->
  <testcase classname="baselibrary.BaseLibrary" name="@AfterMethod getanalysis" time="-1.664795101381E9">
    <skipped/>
  </testcase> <!-- @AfterMethod getanalysis -->
  <testcase classname="baselibrary.BaseLibrary" name="@AfterTest teardown" time="-1.66479510139E9">
    <skipped/>
  </testcase> <!-- @AfterTest teardown -->
  <testcase classname="testingbaba_test.Autocomplete_test" name="clickonwidgets" time="0.0">
    <skipped/>
  </testcase> <!-- clickonwidgets -->
  <testcase classname="testingbaba_test.Autocomplete_test" name="clickonautocomplete" time="0.0">
    <skipped/>
  </testcase> <!-- clickonautocomplete -->
  <testcase classname="testingbaba_test.Autocomplete_test" name="filldetails" time="0.0">
    <skipped/>
  </testcase> <!-- filldetails -->
</testsuite> <!-- Autocomplete_test -->
