<?xml version="1.0" encoding="UTF-8"?>
<!-- Generated by org.testng.reporters.JUnitXMLReporter -->
<testsuite ignored="0" hostname="RajatShrotriya" failures="0" tests="3" name="selectmenu" time="1.875" errors="0" timestamp="2023-09-11T12:36:05 IST">
  <testcase classname="testingbaba_test.Selectdropdown_test" name="@BeforeTest getlaunchtestingbabulr" time="1.766">
    <failure type="org.openqa.selenium.SessionNotCreatedException" message="session not created: This version of ChromeDriver only supports Chrome version 114
Current browser version is 116.0.5845.180 with binary path C:\Users\rshro\AppData\Local\Google\Chrome\Application\chrome.exe
Build info: version: &amp;apos;3.141.59&amp;apos;, revision: &amp;apos;e82be7d358&amp;apos;, time: &amp;apos;2018-11-14T08:25:48&amp;apos;
System info: host: &amp;apos;RAJATSHROTRIYA&amp;apos;, ip: &amp;apos;192.168.1.62&amp;apos;, os.name: &amp;apos;Windows 11&amp;apos;, os.arch: &amp;apos;amd64&amp;apos;, os.version: &amp;apos;10.0&amp;apos;, java.version: &amp;apos;17.0.3&amp;apos;
Driver info: driver.version: ChromeDriver
remote stacktrace: Backtrace:
	GetHandleVerifier [0x00D6A813+48355]
	(No symbol) [0x00CFC4B1]
	(No symbol) [0x00C05358]
	(No symbol) [0x00C261AC]
	(No symbol) [0x00C21EF3]
	(No symbol) [0x00C20579]
	(No symbol) [0x00C50C55]
	(No symbol) [0x00C5093C]
	(No symbol) [0x00C4A536]
	(No symbol) [0x00C282DC]
	(No symbol) [0x00C293DD]
	GetHandleVerifier [0x00FCAABD+2539405]
	GetHandleVerifier [0x0100A78F+2800735]
	GetHandleVerifier [0x0100456C+2775612]
	GetHandleVerifier [0x00DF51E0+616112]
	(No symbol) [0x00D05F8C]
	(No symbol) [0x00D02328]
	(No symbol) [0x00D0240B]
	(No symbol) [0x00CF4FF7]
	BaseThreadInitThunk [0x74C77D59+25]
	RtlInitializeExceptionChain [0x76EDB79B+107]
	RtlClearBits [0x76EDB71F+191]
">
      <![CDATA[org.openqa.selenium.SessionNotCreatedException: session not created: This version of ChromeDriver only supports Chrome version 114
Current browser version is 116.0.5845.180 with binary path C:\Users\rshro\AppData\Local\Google\Chrome\Application\chrome.exe
Build info: version: '3.141.59', revision: 'e82be7d358', time: '2018-11-14T08:25:48'
System info: host: 'RAJATSHROTRIYA', ip: '192.168.1.62', os.name: 'Windows 11', os.arch: 'amd64', os.version: '10.0', java.version: '17.0.3'
Driver info: driver.version: ChromeDriver
remote stacktrace: Backtrace:
GetHandleVerifier [0x00D6A813+48355]
(No symbol) [0x00CFC4B1]
(No symbol) [0x00C05358]
(No symbol) [0x00C261AC]
(No symbol) [0x00C21EF3]
(No symbol) [0x00C20579]
(No symbol) [0x00C50C55]
(No symbol) [0x00C5093C]
(No symbol) [0x00C4A536]
(No symbol) [0x00C282DC]
(No symbol) [0x00C293DD]
GetHandleVerifier [0x00FCAABD+2539405]
GetHandleVerifier [0x0100A78F+2800735]
GetHandleVerifier [0x0100456C+2775612]
GetHandleVerifier [0x00DF51E0+616112]
(No symbol) [0x00D05F8C]
(No symbol) [0x00D02328]
(No symbol) [0x00D0240B]
(No symbol) [0x00CF4FF7]
BaseThreadInitThunk [0x74C77D59+25]
RtlInitializeExceptionChain [0x76EDB79B+107]
RtlClearBits [0x76EDB71F+191]

at org.openqa.selenium.remote.W3CHandshakeResponse.lambda$errorHandler$0(W3CHandshakeResponse.java:62)
at org.openqa.selenium.remote.HandshakeResponse.lambda$getResponseFunction$0(HandshakeResponse.java:30)
at org.openqa.selenium.remote.ProtocolHandshake.lambda$createSession$0(ProtocolHandshake.java:126)
at java.base/java.util.stream.ReferencePipeline$3$1.accept(ReferencePipeline.java:197)
at java.base/java.util.Spliterators$ArraySpliterator.tryAdvance(Spliterators.java:1002)
at java.base/java.util.stream.ReferencePipeline.forEachWithCancel(ReferencePipeline.java:129)
at java.base/java.util.stream.AbstractPipeline.copyIntoWithCancel(AbstractPipeline.java:527)
at java.base/java.util.stream.AbstractPipeline.copyInto(AbstractPipeline.java:513)
at java.base/java.util.stream.AbstractPipeline.wrapAndCopyInto(AbstractPipeline.java:499)
at java.base/java.util.stream.FindOps$FindOp.evaluateSequential(FindOps.java:150)
at java.base/java.util.stream.AbstractPipeline.evaluate(AbstractPipeline.java:234)
at java.base/java.util.stream.ReferencePipeline.findFirst(ReferencePipeline.java:647)
at org.openqa.selenium.remote.ProtocolHandshake.createSession(ProtocolHandshake.java:128)
at org.openqa.selenium.remote.ProtocolHandshake.createSession(ProtocolHandshake.java:74)
at org.openqa.selenium.remote.HttpCommandExecutor.execute(HttpCommandExecutor.java:136)
at org.openqa.selenium.remote.service.DriverCommandExecutor.execute(DriverCommandExecutor.java:83)
at org.openqa.selenium.remote.RemoteWebDriver.execute(RemoteWebDriver.java:552)
at org.openqa.selenium.remote.RemoteWebDriver.startSession(RemoteWebDriver.java:213)
at org.openqa.selenium.remote.RemoteWebDriver.<init>(RemoteWebDriver.java:131)
at org.openqa.selenium.chrome.ChromeDriver.<init>(ChromeDriver.java:181)
at org.openqa.selenium.chrome.ChromeDriver.<init>(ChromeDriver.java:168)
at org.openqa.selenium.chrome.ChromeDriver.<init>(ChromeDriver.java:123)
at baselibrary.BaseLibrary.getlaunchUrl(BaseLibrary.java:26)
at testingbaba_test.Selectdropdown_test.getlaunchtestingbabulr(Selectdropdown_test.java:17)
... Removed 29 stack frames]]>
    </failure>
  </testcase> <!-- @BeforeTest getlaunchtestingbabulr -->
  <testcase classname="baselibrary.BaseLibrary" name="@AfterMethod getanalysis" time="-1.694415965347E9">
    <skipped/>
  </testcase> <!-- @AfterMethod getanalysis -->
  <testcase classname="baselibrary.BaseLibrary" name="@AfterMethod getanalysis" time="-1.694415965371E9">
    <skipped/>
  </testcase> <!-- @AfterMethod getanalysis -->
  <testcase classname="baselibrary.BaseLibrary" name="@AfterMethod getanalysis" time="-1.694415965389E9">
    <skipped/>
  </testcase> <!-- @AfterMethod getanalysis -->
  <testcase classname="baselibrary.BaseLibrary" name="@AfterTest teardown" time="-1.694415965396E9">
    <skipped/>
  </testcase> <!-- @AfterTest teardown -->
  <testcase classname="testingbaba_test.Selectdropdown_test" name="clickonwidgets" time="0.0">
    <skipped/>
  </testcase> <!-- clickonwidgets -->
  <testcase classname="testingbaba_test.Selectdropdown_test" name="clickonselectmenu" time="0.0">
    <skipped/>
  </testcase> <!-- clickonselectmenu -->
  <testcase classname="testingbaba_test.Selectdropdown_test" name="clickonselctdropdown" time="0.0">
    <skipped/>
  </testcase> <!-- clickonselctdropdown -->
</testsuite> <!-- selectmenu -->
