<?xml version="1.0" encoding="UTF-8"?>
<!-- Generated by org.testng.reporters.JUnitXMLReporter -->
<testsuite ignored="0" hostname="RajatShrotriya" failures="0" tests="4" name="Textbox" time="7.577" errors="0" timestamp="2022-07-14T00:33:37 IST">
  <testcase classname="testingbaba_test.Testbox_test" name="@BeforeTest getlaunchurlTestingbaba" time="7.284">
    <failure type="org.openqa.selenium.NoSuchElementException" message="no such element: Unable to locate element: {&amp;quot;method&amp;quot;:&amp;quot;xpath&amp;quot;,&amp;quot;selector&amp;quot;:&amp;quot;//*[@id=&amp;quot;myModal2&amp;quot;]/div/div/div[1]/button&amp;quot;}
  (Session info: chrome=103.0.5060.114)
For documentation on this error, please visit: https://www.seleniumhq.org/exceptions/no_such_element.html
Build info: version: &amp;apos;3.141.59&amp;apos;, revision: &amp;apos;e82be7d358&amp;apos;, time: &amp;apos;2018-11-14T08:25:48&amp;apos;
System info: host: &amp;apos;RAJATSHROTRIYA&amp;apos;, ip: &amp;apos;192.168.0.106&amp;apos;, os.name: &amp;apos;Windows 11&amp;apos;, os.arch: &amp;apos;amd64&amp;apos;, os.version: &amp;apos;10.0&amp;apos;, java.version: &amp;apos;17.0.3&amp;apos;
Driver info: org.openqa.selenium.chrome.ChromeDriver
Capabilities {acceptInsecureCerts: false, browserName: chrome, browserVersion: 103.0.5060.114, chrome: {chromedriverVersion: 103.0.5060.53 (a1711811edd7..., userDataDir: C:\Users\rshro\AppData\Loca...}, goog:chromeOptions: {debuggerAddress: localhost:55941}, javascriptEnabled: true, networkConnectionEnabled: false, pageLoadStrategy: normal, platform: WINDOWS, platformName: WINDOWS, proxy: Proxy(), setWindowRect: true, strictFileInteractability: false, timeouts: {implicit: 0, pageLoad: 300000, script: 30000}, unhandledPromptBehavior: dismiss and notify, webauthn:extension:credBlob: true, webauthn:extension:largeBlob: true, webauthn:virtualAuthenticators: true}
Session ID: c118d78c0792e6dccd7a2141957ee447
*** Element info: {Using=xpath, value=//*[@id=&amp;quot;myModal2&amp;quot;]/div/div/div[1]/button}">
      <![CDATA[org.openqa.selenium.NoSuchElementException: no such element: Unable to locate element: {"method":"xpath","selector":"//*[@id="myModal2"]/div/div/div[1]/button"}
  (Session info: chrome=103.0.5060.114)
For documentation on this error, please visit: https://www.seleniumhq.org/exceptions/no_such_element.html
Build info: version: '3.141.59', revision: 'e82be7d358', time: '2018-11-14T08:25:48'
System info: host: 'RAJATSHROTRIYA', ip: '192.168.0.106', os.name: 'Windows 11', os.arch: 'amd64', os.version: '10.0', java.version: '17.0.3'
Driver info: org.openqa.selenium.chrome.ChromeDriver
Capabilities {acceptInsecureCerts: false, browserName: chrome, browserVersion: 103.0.5060.114, chrome: {chromedriverVersion: 103.0.5060.53 (a1711811edd7..., userDataDir: C:\Users\rshro\AppData\Loca...}, goog:chromeOptions: {debuggerAddress: localhost:55941}, javascriptEnabled: true, networkConnectionEnabled: false, pageLoadStrategy: normal, platform: WINDOWS, platformName: WINDOWS, proxy: Proxy(), setWindowRect: true, strictFileInteractability: false, timeouts: {implicit: 0, pageLoad: 300000, script: 30000}, unhandledPromptBehavior: dismiss and notify, webauthn:extension:credBlob: true, webauthn:extension:largeBlob: true, webauthn:virtualAuthenticators: true}
Session ID: c118d78c0792e6dccd7a2141957ee447
*** Element info: {Using=xpath, value=//*[@id="myModal2"]/div/div/div[1]/button}
at org.openqa.selenium.remote.http.W3CHttpResponseCodec.createException(W3CHttpResponseCodec.java:187)
at org.openqa.selenium.remote.http.W3CHttpResponseCodec.decode(W3CHttpResponseCodec.java:122)
at org.openqa.selenium.remote.http.W3CHttpResponseCodec.decode(W3CHttpResponseCodec.java:49)
at org.openqa.selenium.remote.HttpCommandExecutor.execute(HttpCommandExecutor.java:158)
at org.openqa.selenium.remote.service.DriverCommandExecutor.execute(DriverCommandExecutor.java:83)
at org.openqa.selenium.remote.RemoteWebDriver.execute(RemoteWebDriver.java:552)
at org.openqa.selenium.remote.RemoteWebDriver.findElement(RemoteWebDriver.java:323)
at org.openqa.selenium.remote.RemoteWebDriver.findElementByXPath(RemoteWebDriver.java:428)
at org.openqa.selenium.By$ByXPath.findElement(By.java:353)
at org.openqa.selenium.remote.RemoteWebDriver.findElement(RemoteWebDriver.java:315)
at baselibrary.BaseLibrary.getlaunchUrl(BaseLibrary.java:22)
at testingbaba_test.Testbox_test.getlaunchurlTestingbaba(Testbox_test.java:18)
... Removed 29 stack frames]]>
    </failure>
  </testcase> <!-- @BeforeTest getlaunchurlTestingbaba -->
  <testcase classname="baselibrary.BaseLibrary" name="@AfterClass teardown" time="-1.657739017182E9">
    <skipped/>
  </testcase> <!-- @AfterClass teardown -->
  <testcase classname="testingbaba_test.Testbox_test" name="clickonelements" time="0.0">
    <skipped/>
  </testcase> <!-- clickonelements -->
  <testcase classname="testingbaba_test.Testbox_test" name="clickontextbox" time="0.0">
    <skipped/>
  </testcase> <!-- clickontextbox -->
  <testcase classname="testingbaba_test.Testbox_test" name="filldetails" time="0.0">
    <skipped/>
  </testcase> <!-- filldetails -->
  <testcase classname="testingbaba_test.Testbox_test" name="getverify" time="0.0">
    <skipped/>
  </testcase> <!-- getverify -->
</testsuite> <!-- Textbox -->
